SlashAI Cron Health Check completed at Sun 24 May 12:11:43 CDT 2026
SlashAI Cron Health Check completed at Mon 25 May 17:07:30 UTC 2026
[2026-05-26 05:10:00 UTC] SlashAI Cron Health Check completed. Report saved to cron-health-report.md. Issues found: 5
[2026-05-28T17:10:32.962745+00:00] Cron health check completed. Report saved to /home/rpi/.openclaw/workspace/projects/slashai/cron-health-report.md
Overall health: 🔴 **Unhealthy** - Issues detected
[2026-05-29T05:18:02.404472+00:00] Cron health check completed. Report saved to /home/rpi/.openclaw/workspace/projects/slashai/cron-health-report.md
Overall health: 🔴 **Unhealthy** - Issues detected
[2026-05-29T05:23:48.221219+00:00] Cron health check completed. Report saved to /home/rpi/.openclaw/workspace/projects/slashai/cron-health-report.md
Overall health: 🔴 **Unhealthy** - Issues detected
[2026-05-29T11:05:21.378373+00:00] Cron health check completed. Report saved to /home/rpi/.openclaw/workspace/projects/slashai/cron-health-report.md
Overall health: 🔴 **Unhealthy** - Issues detected
2026-05-31T00:09:44.109203 - Cron health check completed. Report saved to /home/rpi/.openclaw/workspace/projects/slashai/cron-health-report.md
2026-05-31T12:07:19.101265 - Cron health check completed. Report saved to /home/rpi/.openclaw/workspace/projects/slashai/cron-health-report.md
[2026-06-01T23:04:31.228377+00:00] Cron health check completed. Report saved to /home/rpi/.openclaw/workspace/projects/slashai/cron-health-report.md
Overall health: 🔴 **Unhealthy** - Issues detected
[2026-06-02 00:25:57 CDT] Cron health check completed successfully. All jobs healthy. Report saved to /home/rpi/.openclaw/workspace/projects/slashai/cron-health-report.md
[2026-06-03 00:05:43 CDT] Cron health check completed. Report saved to /home/rpi/.openclaw/workspace/projects/slashai/cron-health-report.md. Overall health: Unhealthy - Issues found: 5
2026-06-03T17:16:18.417318+00:00 UTC - Cron health check completed. Issues found: 3
[2026-06-04T17:04:44.072051+00:00] Cron health check completed. Report saved to /home/rpi/.openclaw/workspace/projects/slashai/cron-health-report.md
Overall health: 🔴 **Unhealthy** - Issues detected
[2026-06-07T00:10:17.000Z] SlashAI Cron Health Check completed. Report saved to /home/rpi/.openclaw/workspace/projects/slashai/cron-health-report.md. Overall health: 🔴 **Unhealthy** - Issues detected: 3
